Determining if the pthread_create exist failed with the following output:
Change Dir: /home/catherine/Documents/DeformableTracking/src/obj/CMakeFiles/CMakeTmp

Run Build Command:"/usr/bin/make" "cmTC_2ae1a/fast"
/usr/bin/make -f CMakeFiles/cmTC_2ae1a.dir/build.make CMakeFiles/cmTC_2ae1a.dir/build
make[1]: Entering directory '/home/catherine/Documents/DeformableTracking/src/obj/CMakeFiles/CMakeTmp'
Building C object CMakeFiles/cmTC_2ae1a.dir/CheckSymbolExists.c.o
/usr/bin/cc     -o CMakeFiles/cmTC_2ae1a.dir/CheckSymbolExists.c.o   -c /home/catherine/Documents/DeformableTracking/src/obj/CMakeFiles/CMakeTmp/CheckSymbolExists.c
Linking C executable cmTC_2ae1a
/usr/bin/cmake -E cmake_link_script CMakeFiles/cmTC_2ae1a.dir/link.txt --verbose=1
/usr/bin/cc       CMakeFiles/cmTC_2ae1a.dir/CheckSymbolExists.c.o  -o cmTC_2ae1a -rdynamic 
CMakeFiles/cmTC_2ae1a.dir/CheckSymbolExists.c.o: In function `main':
CheckSymbolExists.c:(.text+0x1b): undefined reference to `pthread_create'
collect2: error: ld returned 1 exit status
CMakeFiles/cmTC_2ae1a.dir/build.make:97: recipe for target 'cmTC_2ae1a' failed
make[1]: *** [cmTC_2ae1a] Error 1
make[1]: Leaving directory '/home/catherine/Documents/DeformableTracking/src/obj/CMakeFiles/CMakeTmp'
Makefile:126: recipe for target 'cmTC_2ae1a/fast' failed
make: *** [cmTC_2ae1a/fast] Error 2

File /home/catherine/Documents/DeformableTracking/src/obj/CMakeFiles/CMakeTmp/CheckSymbolExists.c:
/* */
#include <pthread.h>

int main(int argc, char** argv)
{
  (void)argv;
#ifndef pthread_create
  return ((int*)(&pthread_create))[argc];
#else
  (void)argc;
  return 0;
#endif
}

Determining if the function pthread_create exists in the pthreads failed with the following output:
Change Dir: /home/catherine/Documents/DeformableTracking/src/obj/CMakeFiles/CMakeTmp

Run Build Command:"/usr/bin/make" "cmTC_ec558/fast"
/usr/bin/make -f CMakeFiles/cmTC_ec558.dir/build.make CMakeFiles/cmTC_ec558.dir/build
make[1]: Entering directory '/home/catherine/Documents/DeformableTracking/src/obj/CMakeFiles/CMakeTmp'
Building C object CMakeFiles/cmTC_ec558.dir/CheckFunctionExists.c.o
/usr/bin/cc    -DCHECK_FUNCTION_EXISTS=pthread_create   -o CMakeFiles/cmTC_ec558.dir/CheckFunctionExists.c.o   -c /usr/share/cmake-3.7/Modules/CheckFunctionExists.c
Linking C executable cmTC_ec558
/usr/bin/cmake -E cmake_link_script CMakeFiles/cmTC_ec558.dir/link.txt --verbose=1
/usr/bin/cc   -DCHECK_FUNCTION_EXISTS=pthread_create    CMakeFiles/cmTC_ec558.dir/CheckFunctionExists.c.o  -o cmTC_ec558 -rdynamic -lpthreads 
/usr/bin/ld: cannot find -lpthreads
collect2: error: ld returned 1 exit status
CMakeFiles/cmTC_ec558.dir/build.make:97: recipe for target 'cmTC_ec558' failed
make[1]: *** [cmTC_ec558] Error 1
make[1]: Leaving directory '/home/catherine/Documents/DeformableTracking/src/obj/CMakeFiles/CMakeTmp'
Makefile:126: recipe for target 'cmTC_ec558/fast' failed
make: *** [cmTC_ec558/fast] Error 2


